2016/03/23 14:17:52 [error] [php] include(Group.php): failed to open stream: No such file or directory (/var/www/yii/framework/YiiBase.php:432)
Stack trace:
#0 /var/www/sadrh/protected/views/militar/tab_detalhes.php(71): spl_autoload_call()
#1 /var/www/yii/framework/web/CBaseController.php(126): require()
#2 /var/www/yii/framework/web/CBaseController.php(95): MilitarController->renderInternal()
#3 /var/www/yii/framework/web/CController.php(869): MilitarController->renderFile()
#4 /var/www/sadrh/protected/views/militar/view.php(34): MilitarController->renderPartial()
#5 /var/www/yii/framework/web/CBaseController.php(126): require()
#6 /var/www/yii/framework/web/CBaseController.php(95): MilitarController->renderInternal()
#7 /var/www/yii/framework/web/CController.php(869): MilitarController->renderFile()
#8 /var/www/sadrh/protected/controllers/MilitarController.php(84): MilitarController->renderPartial()
#9 unknown(0): MilitarController->actionView()
#10 /var/www/yii/framework/web/actions/CAction.php(109): ReflectionMethod->invokeArgs()
#11 /var/www/yii/framework/web/actions/CInlineAction.php(47): CInlineAction->runWithParamsInternal()
#12 /var/www/yii/framework/web/CController.php(308): CInlineAction->runWithParams()
#13 /var/www/yii/framework/web/filters/CFilterChain.php(133): MilitarController->runAction()
#14 /var/www/yii/framework/web/filters/CFilter.php(40): CFilterChain->run()
#15 /var/www/yii/framework/web/CController.php(1145): CAccessControlFilter->filter()
#16 /var/www/yii/framework/web/filters/CInlineFilter.php(58): MilitarController->filterAccessControl()
#17 /var/www/yii/framework/web/filters/CFilterChain.php(130): CInlineFilter->filter()
#18 /var/www/yii/framework/web/CController.php(291): CFilterChain->run()
#19 /var/www/yii/framework/web/CController.php(265): MilitarController->runActionWithFilters()
#20 /var/www/yii/framework/web/CWebApplication.php(282): MilitarController->run()
#21 /var/www/yii/framework/web/CWebApplication.php(141): CWebApplication->runController()
#22 /var/www/yii/framework/base/CApplication.php(184): CWebApplication->processRequest()
#23 /var/www/sadrh/index.php(13): CWebApplication->run()
REQUEST_URI=/sadrh/index.php/militar/304
in /var/www/sadrh/protected/views/militar/tab_detalhes.php (71)
in /var/www/sadrh/protected/views/militar/view.php (34)
in /var/www/sadrh/protected/controllers/MilitarController.php (84)
2016/03/23 14:24:22 [error] [exception.CException] exception 'CException' with message 'You need to setup Yii-bootstrap extension first.' in /var/www/sadrh/protected/extensions/x-editable/Editable.php:545
Stack trace:
#0 /var/www/sadrh/protected/extensions/x-editable/Editable.php(623): Editable->registerAssets()
#1 /var/www/sadrh/protected/extensions/x-editable/EditableDetailView.php(86): Editable->run()
#2 /var/www/yii/framework/zii/widgets/CDetailView.php(222): EditableDetailView->renderItem(Array, Array)
#3 /var/www/yii/framework/web/CBaseController.php(181): CDetailView->run()
#4 /var/www/sadrh/protected/views/militar/tab_detalhes.php(97): CBaseController->widget('editable.Editab...', Array)
#5 /var/www/yii/framework/web/CBaseController.php(126): require('/var/www/sadrh/...')
#6 /var/www/yii/framework/web/CBaseController.php(95): CBaseController->renderInternal('/var/www/sadrh/...', Array, true)
#7 /var/www/yii/framework/web/CController.php(869): CBaseController->renderFile('/var/www/sadrh/...', Array, true)
#8 /var/www/sadrh/protected/views/militar/view.php(34): CController->renderPartial('tab_detalhes', Array, true)
#9 /var/www/yii/framework/web/CBaseController.php(126): require('/var/www/sadrh/...')
#10 /var/www/yii/framework/web/CBaseController.php(95): CBaseController->renderInternal('/var/www/sadrh/...', Array, true)
#11 /var/www/yii/framework/web/CController.php(869): CBaseController->renderFile('/var/www/sadrh/...', Array, true)
#12 /var/www/sadrh/protected/controllers/MilitarController.php(84): CController->renderPartial('view', Array, false, true)
#13 [internal function]: MilitarController->actionView('51')
#14 /var/www/yii/framework/web/actions/CAction.php(109): ReflectionMethod->invokeArgs(Object(MilitarController), Array)
#15 /var/www/yii/framework/web/actions/CInlineAction.php(47): CAction->runWithParamsInternal(Object(MilitarController), Object(ReflectionMethod), Array)
#16 /var/www/yii/framework/web/CController.php(308): CInlineAction->runWithParams(Array)
#17 /var/www/yii/framework/web/filters/CFilterChain.php(133): CController->runAction(Object(CInlineAction))
#18 /var/www/yii/framework/web/filters/CFilter.php(40): CFilterChain->run()
#19 /var/www/yii/framework/web/CController.php(1145): CFilter->filter(Object(CFilterChain))
#20 /var/www/yii/framework/web/filters/CInlineFilter.php(58): CController->filterAccessControl(Object(CFilterChain))
#21 /var/www/yii/framework/web/filters/CFilterChain.php(130): CInlineFilter->filter(Object(CFilterChain))
#22 /var/www/yii/framework/web/CController.php(291): CFilterChain->run()
#23 /var/www/yii/framework/web/CController.php(265): CController->runActionWithFilters(Object(CInlineAction), Array)
#24 /var/www/yii/framework/web/CWebApplication.php(282): CController->run('view')
#25 /var/www/yii/framework/web/CWebApplication.php(141): CWebApplication->runController('militar/view')
#26 /var/www/yii/framework/base/CApplication.php(184): CWebApplication->processRequest()
#27 /var/www/sadrh/index.php(13): CApplication->run()
#28 {main}
REQUEST_URI=/sadrh/index.php/militar/51
HTTP_REFERER=http://10.56.83.67/sadrh/index.php/militar/index
---
2016/03/23 14:29:13 [error] [exception.CException] exception 'CException' with message 'You need to setup Yii-bootstrap extension first.' in /var/www/sadrh/protected/extensions/x-editable/Editable.php:545
Stack trace:
#0 /var/www/sadrh/protected/extensions/x-editable/Editable.php(623): Editable->registerAssets()
#1 /var/www/sadrh/protected/extensions/x-editable/EditableDetailView.php(86): Editable->run()
#2 /var/www/yii/framework/zii/widgets/CDetailView.php(222): EditableDetailView->renderItem(Array, Array)
#3 /var/www/yii/framework/web/CBaseController.php(181): CDetailView->run()
#4 /var/www/sadrh/protected/views/militar/tab_detalhes.php(97): CBaseController->widget('editable.Editab...', Array)
#5 /var/www/yii/framework/web/CBaseController.php(126): require('/var/www/sadrh/...')
#6 /var/www/yii/framework/web/CBaseController.php(95): CBaseController->renderInternal('/var/www/sadrh/...', Array, true)
#7 /var/www/yii/framework/web/CController.php(869): CBaseController->renderFile('/var/www/sadrh/...', Array, true)
#8 /var/www/sadrh/protected/views/militar/view.php(34): CController->renderPartial('tab_detalhes', Array, true)
#9 /var/www/yii/framework/web/CBaseController.php(126): require('/var/www/sadrh/...')
#10 /var/www/yii/framework/web/CBaseController.php(95): CBaseController->renderInternal('/var/www/sadrh/...', Array, true)
#11 /var/www/yii/framework/web/CController.php(869): CBaseController->renderFile('/var/www/sadrh/...', Array, true)
#12 /var/www/sadrh/protected/controllers/MilitarController.php(84): CController->renderPartial('view', Array, false, true)
#13 [internal function]: MilitarController->actionView('841')
#14 /var/www/yii/framework/web/actions/CAction.php(109): ReflectionMethod->invokeArgs(Object(MilitarController), Array)
#15 /var/www/yii/framework/web/actions/CInlineAction.php(47): CAction->runWithParamsInternal(Object(MilitarController), Object(ReflectionMethod), Array)
#16 /var/www/yii/framework/web/CController.php(308): CInlineAction->runWithParams(Array)
#17 /var/www/yii/framework/web/filters/CFilterChain.php(133): CController->runAction(Object(CInlineAction))
#18 /var/www/yii/framework/web/filters/CFilter.php(40): CFilterChain->run()
#19 /var/www/yii/framework/web/CController.php(1145): CFilter->filter(Object(CFilterChain))
#20 /var/www/yii/framework/web/filters/CInlineFilter.php(58): CController->filterAccessControl(Object(CFilterChain))
#21 /var/www/yii/framework/web/filters/CFilterChain.php(130): CInlineFilter->filter(Object(CFilterChain))
#22 /var/www/yii/framework/web/CController.php(291): CFilterChain->run()
#23 /var/www/yii/framework/web/CController.php(265): CController->runActionWithFilters(Object(CInlineAction), Array)
#24 /var/www/yii/framework/web/CWebApplication.php(282): CController->run('view')
#25 /var/www/yii/framework/web/CWebApplication.php(141): CWebApplication->runController('militar/view')
#26 /var/www/yii/framework/base/CApplication.php(184): CWebApplication->processRequest()
#27 /var/www/sadrh/index.php(13): CApplication->run()
#28 {main}
REQUEST_URI=/sadrh/index.php/militar/841
HTTP_REFERER=http://10.56.83.67/sadrh/index.php/militar/index
---
2016/03/23 14:32:19 [error] [exception.CException] exception 'CException' with message 'You need to setup Yii-bootstrap extension first.' in /var/www/sadrh/protected/extensions/x-editable/Editable.php:545
Stack trace:
#0 /var/www/sadrh/protected/extensions/x-editable/Editable.php(623): Editable->registerAssets()
#1 /var/www/sadrh/protected/extensions/x-editable/EditableDetailView.php(86): Editable->run()
#2 /var/www/yii/framework/zii/widgets/CDetailView.php(222): EditableDetailView->renderItem(Array, Array)
#3 /var/www/yii/framework/web/CBaseController.php(181): CDetailView->run()
#4 /var/www/sadrh/protected/views/militar/tab_detalhes.php(97): CBaseController->widget('editable.Editab...', Array)
#5 /var/www/yii/framework/web/CBaseController.php(126): require('/var/www/sadrh/...')
#6 /var/www/yii/framework/web/CBaseController.php(95): CBaseController->renderInternal('/var/www/sadrh/...', Array, true)
#7 /var/www/yii/framework/web/CController.php(869): CBaseController->renderFile('/var/www/sadrh/...', Array, true)
#8 /var/www/sadrh/protected/views/militar/view.php(34): CController->renderPartial('tab_detalhes', Array, true)
#9 /var/www/yii/framework/web/CBaseController.php(126): require('/var/www/sadrh/...')
#10 /var/www/yii/framework/web/CBaseController.php(95): CBaseController->renderInternal('/var/www/sadrh/...', Array, true)
#11 /var/www/yii/framework/web/CController.php(869): CBaseController->renderFile('/var/www/sadrh/...', Array, true)
#12 /var/www/sadrh/protected/controllers/MilitarController.php(84): CController->renderPartial('view', Array, false, true)
#13 [internal function]: MilitarController->actionView('841')
#14 /var/www/yii/framework/web/actions/CAction.php(109): ReflectionMethod->invokeArgs(Object(MilitarController), Array)
#15 /var/www/yii/framework/web/actions/CInlineAction.php(47): CAction->runWithParamsInternal(Object(MilitarController), Object(ReflectionMethod), Array)
#16 /var/www/yii/framework/web/CController.php(308): CInlineAction->runWithParams(Array)
#17 /var/www/yii/framework/web/filters/CFilterChain.php(133): CController->runAction(Object(CInlineAction))
#18 /var/www/yii/framework/web/filters/CFilter.php(40): CFilterChain->run()
#19 /var/www/yii/framework/web/CController.php(1145): CFilter->filter(Object(CFilterChain))
#20 /var/www/yii/framework/web/filters/CInlineFilter.php(58): CController->filterAccessControl(Object(CFilterChain))
#21 /var/www/yii/framework/web/filters/CFilterChain.php(130): CInlineFilter->filter(Object(CFilterChain))
#22 /var/www/yii/framework/web/CController.php(291): CFilterChain->run()
#23 /var/www/yii/framework/web/CController.php(265): CController->runActionWithFilters(Object(CInlineAction), Array)
#24 /var/www/yii/framework/web/CWebApplication.php(282): CController->run('view')
#25 /var/www/yii/framework/web/CWebApplication.php(141): CWebApplication->runController('militar/view')
#26 /var/www/yii/framework/base/CApplication.php(184): CWebApplication->processRequest()
#27 /var/www/sadrh/index.php(13): CApplication->run()
#28 {main}
REQUEST_URI=/sadrh/index.php/militar/841
HTTP_REFERER=http://10.56.83.67/sadrh/index.php/militar/index
---
2016/03/23 14:37:25 [error] [exception.CException] exception 'CException' with message 'A propriedade "CWebApplication.bootstrap" não está definida.' in /var/www/yii/framework/base/CComponent.php:130
Stack trace:
#0 /var/www/yii/framework/base/CModule.php(105): CComponent->__get('bootstrap')
#1 /var/www/sadrh/themes/classic/views/layouts/main.php(31): CModule->__get('bootstrap')
#2 /var/www/yii/framework/web/CBaseController.php(126): require('/var/www/sadrh/...')
#3 /var/www/yii/framework/web/CBaseController.php(95): CBaseController->renderInternal('/var/www/sadrh/...', Array, true)
#4 /var/www/yii/framework/web/widgets/CContentDecorator.php(76): CBaseController->renderFile('/var/www/sadrh/...', Array, true)
#5 /var/www/yii/framework/web/widgets/CContentDecorator.php(54): CContentDecorator->decorate('\n\t<div class="r...')
#6 /var/www/yii/framework/web/widgets/COutputProcessor.php(44): CContentDecorator->processOutput('\n\t<div class="r...')
#7 /var/www/yii/framework/web/CBaseController.php(214): COutputProcessor->run()
#8 /var/www/yii/framework/web/CBaseController.php(308): CBaseController->endWidget('CContentDecorat...')
#9 /var/www/sadrh/themes/classic/views/layouts/column2.php(21): CBaseController->endContent()
#10 /var/www/yii/framework/web/CBaseController.php(126): require('/var/www/sadrh/...')
#11 /var/www/yii/framework/web/CBaseController.php(95): CBaseController->renderInternal('/var/www/sadrh/...', Array, true)
#12 /var/www/yii/framework/web/CController.php(784): CBaseController->renderFile('/var/www/sadrh/...', Array, true)
#13 /var/www/sadrh/protected/controllers/MilitarController.php(172): CController->render('_view', Array)
#14 /var/www/yii/framework/web/actions/CInlineAction.php(49): MilitarController->actionIndex()
#15 /var/www/yii/framework/web/CController.php(308): CInlineAction->runWithParams(Array)
#16 /var/www/yii/framework/web/filters/CFilterChain.php(133): CController->runAction(Object(CInlineAction))
#17 /var/www/yii/framework/web/filters/CFilter.php(40): CFilterChain->run()
#18 /var/www/yii/framework/web/CController.php(1145): CFilter->filter(Object(CFilterChain))
#19 /var/www/yii/framework/web/filters/CInlineFilter.php(58): CController->filterAccessControl(Object(CFilterChain))
#20 /var/www/yii/framework/web/filters/CFilterChain.php(130): CInlineFilter->filter(Object(CFilterChain))
#21 /var/www/yii/framework/web/CController.php(291): CFilterChain->run()
#22 /var/www/yii/framework/web/CController.php(265): CController->runActionWithFilters(Object(CInlineAction), Array)
#23 /var/www/yii/framework/web/CWebApplication.php(282): CController->run('index')
#24 /var/www/yii/framework/web/CWebApplication.php(141): CWebApplication->runController('militar/index')
#25 /var/www/yii/framework/base/CApplication.php(184): CWebApplication->processRequest()
#26 /var/www/sadrh/index.php(13): CApplication->run()
#27 {main}
REQUEST_URI=/sadrh/index.php/militar/index
HTTP_REFERER=http://10.56.83.67/sadrh/index.php/militar/index
---
2016/03/23 14:45:05 [error] [exception.CException] exception 'CException' with message 'You need to setup Yii-bootstrap extension first.' in /var/www/sadrh/protected/extensions/x-editable/Editable.php:545
Stack trace:
#0 /var/www/sadrh/protected/extensions/x-editable/Editable.php(623): Editable->registerAssets()
#1 /var/www/sadrh/protected/extensions/x-editable/EditableDetailView.php(86): Editable->run()
#2 /var/www/yii/framework/zii/widgets/CDetailView.php(222): EditableDetailView->renderItem(Array, Array)
#3 /var/www/yii/framework/web/CBaseController.php(181): CDetailView->run()
#4 /var/www/sadrh/protected/views/militar/tab_detalhes.php(97): CBaseController->widget('editable.Editab...', Array)
#5 /var/www/yii/framework/web/CBaseController.php(126): require('/var/www/sadrh/...')
#6 /var/www/yii/framework/web/CBaseController.php(95): CBaseController->renderInternal('/var/www/sadrh/...', Array, true)
#7 /var/www/yii/framework/web/CController.php(869): CBaseController->renderFile('/var/www/sadrh/...', Array, true)
#8 /var/www/sadrh/protected/views/militar/view.php(34): CController->renderPartial('tab_detalhes', Array, true)
#9 /var/www/yii/framework/web/CBaseController.php(126): require('/var/www/sadrh/...')
#10 /var/www/yii/framework/web/CBaseController.php(95): CBaseController->renderInternal('/var/www/sadrh/...', Array, true)
#11 /var/www/yii/framework/web/CController.php(869): CBaseController->renderFile('/var/www/sadrh/...', Array, true)
#12 /var/www/sadrh/protected/controllers/MilitarController.php(84): CController->renderPartial('view', Array, false, true)
#13 [internal function]: MilitarController->actionView('291')
#14 /var/www/yii/framework/web/actions/CAction.php(109): ReflectionMethod->invokeArgs(Object(MilitarController), Array)
#15 /var/www/yii/framework/web/actions/CInlineAction.php(47): CAction->runWithParamsInternal(Object(MilitarController), Object(ReflectionMethod), Array)
#16 /var/www/yii/framework/web/CController.php(308): CInlineAction->runWithParams(Array)
#17 /var/www/yii/framework/web/filters/CFilterChain.php(133): CController->runAction(Object(CInlineAction))
#18 /var/www/yii/framework/web/filters/CFilter.php(40): CFilterChain->run()
#19 /var/www/yii/framework/web/CController.php(1145): CFilter->filter(Object(CFilterChain))
#20 /var/www/yii/framework/web/filters/CInlineFilter.php(58): CController->filterAccessControl(Object(CFilterChain))
#21 /var/www/yii/framework/web/filters/CFilterChain.php(130): CInlineFilter->filter(Object(CFilterChain))
#22 /var/www/yii/framework/web/CController.php(291): CFilterChain->run()
#23 /var/www/yii/framework/web/CController.php(265): CController->runActionWithFilters(Object(CInlineAction), Array)
#24 /var/www/yii/framework/web/CWebApplication.php(282): CController->run('view')
#25 /var/www/yii/framework/web/CWebApplication.php(141): CWebApplication->runController('militar/view')
#26 /var/www/yii/framework/base/CApplication.php(184): CWebApplication->processRequest()
#27 /var/www/sadrh/index.php(13): CApplication->run()
#28 {main}
REQUEST_URI=/sadrh/index.php/militar/291
HTTP_REFERER=http://10.56.83.67/sadrh/index.php/militar/index
---
2016/03/23 14:45:52 [error] [exception.CException] exception 'CException' with message 'You need to setup Yii-bootstrap extension first.' in /var/www/sadrh/protected/extensions/x-editable/Editable.php:545
Stack trace:
#0 /var/www/sadrh/protected/extensions/x-editable/Editable.php(623): Editable->registerAssets()
#1 /var/www/sadrh/protected/extensions/x-editable/EditableDetailView.php(86): Editable->run()
#2 /var/www/yii/framework/zii/widgets/CDetailView.php(222): EditableDetailView->renderItem(Array, Array)
#3 /var/www/yii/framework/web/CBaseController.php(181): CDetailView->run()
#4 /var/www/sadrh/protected/views/militar/tab_detalhes.php(102): CBaseController->widget('editable.Editab...', Array)
#5 /var/www/yii/framework/web/CBaseController.php(126): require('/var/www/sadrh/...')
#6 /var/www/yii/framework/web/CBaseController.php(95): CBaseController->renderInternal('/var/www/sadrh/...', Array, true)
#7 /var/www/yii/framework/web/CController.php(869): CBaseController->renderFile('/var/www/sadrh/...', Array, true)
#8 /var/www/sadrh/protected/views/militar/view.php(34): CController->renderPartial('tab_detalhes', Array, true)
#9 /var/www/yii/framework/web/CBaseController.php(126): require('/var/www/sadrh/...')
#10 /var/www/yii/framework/web/CBaseController.php(95): CBaseController->renderInternal('/var/www/sadrh/...', Array, true)
#11 /var/www/yii/framework/web/CController.php(869): CBaseController->renderFile('/var/www/sadrh/...', Array, true)
#12 /var/www/sadrh/protected/controllers/MilitarController.php(84): CController->renderPartial('view', Array, false, true)
#13 [internal function]: MilitarController->actionView('603')
#14 /var/www/yii/framework/web/actions/CAction.php(109): ReflectionMethod->invokeArgs(Object(MilitarController), Array)
#15 /var/www/yii/framework/web/actions/CInlineAction.php(47): CAction->runWithParamsInternal(Object(MilitarController), Object(ReflectionMethod), Array)
#16 /var/www/yii/framework/web/CController.php(308): CInlineAction->runWithParams(Array)
#17 /var/www/yii/framework/web/filters/CFilterChain.php(133): CController->runAction(Object(CInlineAction))
#18 /var/www/yii/framework/web/filters/CFilter.php(40): CFilterChain->run()
#19 /var/www/yii/framework/web/CController.php(1145): CFilter->filter(Object(CFilterChain))
#20 /var/www/yii/framework/web/filters/CInlineFilter.php(58): CController->filterAccessControl(Object(CFilterChain))
#21 /var/www/yii/framework/web/filters/CFilterChain.php(130): CInlineFilter->filter(Object(CFilterChain))
#22 /var/www/yii/framework/web/CController.php(291): CFilterChain->run()
#23 /var/www/yii/framework/web/CController.php(265): CController->runActionWithFilters(Object(CInlineAction), Array)
#24 /var/www/yii/framework/web/CWebApplication.php(282): CController->run('view')
#25 /var/www/yii/framework/web/CWebApplication.php(141): CWebApplication->runController('militar/view')
#26 /var/www/yii/framework/base/CApplication.php(184): CWebApplication->processRequest()
#27 /var/www/sadrh/index.php(13): CApplication->run()
#28 {main}
REQUEST_URI=/sadrh/index.php/militar/603
HTTP_REFERER=http://10.56.83.67/sadrh/index.php/militar/index
---
2016/03/23 14:46:02 [error] [exception.CException] exception 'CException' with message 'You need to setup Yii-bootstrap extension first.' in /var/www/sadrh/protected/extensions/x-editable/Editable.php:545
Stack trace:
#0 /var/www/sadrh/protected/extensions/x-editable/Editable.php(623): Editable->registerAssets()
#1 /var/www/sadrh/protected/extensions/x-editable/EditableDetailView.php(86): Editable->run()
#2 /var/www/yii/framework/zii/widgets/CDetailView.php(222): EditableDetailView->renderItem(Array, Array)
#3 /var/www/yii/framework/web/CBaseController.php(181): CDetailView->run()
#4 /var/www/sadrh/protected/views/militar/tab_detalhes.php(102): CBaseController->widget('editable.Editab...', Array)
#5 /var/www/yii/framework/web/CBaseController.php(126): require('/var/www/sadrh/...')
#6 /var/www/yii/framework/web/CBaseController.php(95): CBaseController->renderInternal('/var/www/sadrh/...', Array, true)
#7 /var/www/yii/framework/web/CController.php(869): CBaseController->renderFile('/var/www/sadrh/...', Array, true)
#8 /var/www/sadrh/protected/views/militar/view.php(34): CController->renderPartial('tab_detalhes', Array, true)
#9 /var/www/yii/framework/web/CBaseController.php(126): require('/var/www/sadrh/...')
#10 /var/www/yii/framework/web/CBaseController.php(95): CBaseController->renderInternal('/var/www/sadrh/...', Array, true)
#11 /var/www/yii/framework/web/CController.php(869): CBaseController->renderFile('/var/www/sadrh/...', Array, true)
#12 /var/www/sadrh/protected/controllers/MilitarController.php(84): CController->renderPartial('view', Array, false, true)
#13 [internal function]: MilitarController->actionView('736')
#14 /var/www/yii/framework/web/actions/CAction.php(109): ReflectionMethod->invokeArgs(Object(MilitarController), Array)
#15 /var/www/yii/framework/web/actions/CInlineAction.php(47): CAction->runWithParamsInternal(Object(MilitarController), Object(ReflectionMethod), Array)
#16 /var/www/yii/framework/web/CController.php(308): CInlineAction->runWithParams(Array)
#17 /var/www/yii/framework/web/filters/CFilterChain.php(133): CController->runAction(Object(CInlineAction))
#18 /var/www/yii/framework/web/filters/CFilter.php(40): CFilterChain->run()
#19 /var/www/yii/framework/web/CController.php(1145): CFilter->filter(Object(CFilterChain))
#20 /var/www/yii/framework/web/filters/CInlineFilter.php(58): CController->filterAccessControl(Object(CFilterChain))
#21 /var/www/yii/framework/web/filters/CFilterChain.php(130): CInlineFilter->filter(Object(CFilterChain))
#22 /var/www/yii/framework/web/CController.php(291): CFilterChain->run()
#23 /var/www/yii/framework/web/CController.php(265): CController->runActionWithFilters(Object(CInlineAction), Array)
#24 /var/www/yii/framework/web/CWebApplication.php(282): CController->run('view')
#25 /var/www/yii/framework/web/CWebApplication.php(141): CWebApplication->runController('militar/view')
#26 /var/www/yii/framework/base/CApplication.php(184): CWebApplication->processRequest()
#27 /var/www/sadrh/index.php(13): CApplication->run()
#28 {main}
REQUEST_URI=/sadrh/index.php/militar/736
HTTP_REFERER=http://10.56.83.67/sadrh/index.php/militar/index
---
2016/03/23 14:54:19 [error] [exception.CException] exception 'CException' with message 'A propriedade "Militar.profile" não está definida.' in /var/www/yii/framework/base/CComponent.php:130
Stack trace:
#0 /var/www/yii/framework/db/ar/CActiveRecord.php(145): CComponent->__get('profile')
#1 /var/www/sadrh/protected/extensions/x-editable/EditableField.php(201): CActiveRecord->__get('profile')
#2 /var/www/sadrh/protected/extensions/x-editable/EditableField.php(62): EditableField::resolveModels(Object(Militar), 'profile.languag...')
#3 /var/www/yii/framework/web/CBaseController.php(147): EditableField->init()
#4 /var/www/sadrh/protected/extensions/x-editable/EditableDetailView.php(81): CBaseController->createWidget('EditableField', Array)
#5 /var/www/yii/framework/zii/widgets/CDetailView.php(222): EditableDetailView->renderItem(Array, Array)
#6 /var/www/yii/framework/web/CBaseController.php(181): CDetailView->run()
#7 /var/www/sadrh/protected/views/militar/tab_detalhes.php(97): CBaseController->widget('editable.Editab...', Array)
#8 /var/www/yii/framework/web/CBaseController.php(126): require('/var/www/sadrh/...')
#9 /var/www/yii/framework/web/CBaseController.php(95): CBaseController->renderInternal('/var/www/sadrh/...', Array, true)
#10 /var/www/yii/framework/web/CController.php(869): CBaseController->renderFile('/var/www/sadrh/...', Array, true)
#11 /var/www/sadrh/protected/views/militar/view.php(34): CController->renderPartial('tab_detalhes', Array, true)
#12 /var/www/yii/framework/web/CBaseController.php(126): require('/var/www/sadrh/...')
#13 /var/www/yii/framework/web/CBaseController.php(95): CBaseController->renderInternal('/var/www/sadrh/...', Array, true)
#14 /var/www/yii/framework/web/CController.php(869): CBaseController->renderFile('/var/www/sadrh/...', Array, true)
#15 /var/www/sadrh/protected/controllers/MilitarController.php(84): CController->renderPartial('view', Array, false, true)
#16 [internal function]: MilitarController->actionView('841')
#17 /var/www/yii/framework/web/actions/CAction.php(109): ReflectionMethod->invokeArgs(Object(MilitarController), Array)
#18 /var/www/yii/framework/web/actions/CInlineAction.php(47): CAction->runWithParamsInternal(Object(MilitarController), Object(ReflectionMethod), Array)
#19 /var/www/yii/framework/web/CController.php(308): CInlineAction->runWithParams(Array)
#20 /var/www/yii/framework/web/filters/CFilterChain.php(133): CController->runAction(Object(CInlineAction))
#21 /var/www/yii/framework/web/filters/CFilter.php(40): CFilterChain->run()
#22 /var/www/yii/framework/web/CController.php(1145): CFilter->filter(Object(CFilterChain))
#23 /var/www/yii/framework/web/filters/CInlineFilter.php(58): CController->filterAccessControl(Object(CFilterChain))
#24 /var/www/yii/framework/web/filters/CFilterChain.php(130): CInlineFilter->filter(Object(CFilterChain))
#25 /var/www/yii/framework/web/CController.php(291): CFilterChain->run()
#26 /var/www/yii/framework/web/CController.php(265): CController->runActionWithFilters(Object(CInlineAction), Array)
#27 /var/www/yii/framework/web/CWebApplication.php(282): CController->run('view')
#28 /var/www/yii/framework/web/CWebApplication.php(141): CWebApplication->runController('militar/view')
#29 /var/www/yii/framework/base/CApplication.php(184): CWebApplication->processRequest()
#30 /var/www/sadrh/index.php(13): CApplication->run()
#31 {main}
REQUEST_URI=/sadrh/index.php/militar/841
HTTP_REFERER=http://10.56.83.67/sadrh/index.php/militar/index
---
2016/03/23 14:55:24 [error] [exception.CHttpException.404] exception 'CHttpException' with message 'O sistema não foi capaz de encontrar a ação "undefined" solicitada.' in /var/www/yii/framework/web/CController.php:483
Stack trace:
#0 /var/www/yii/framework/web/CController.php(270): CController->missingAction('undefined')
#1 /var/www/yii/framework/web/CWebApplication.php(282): CController->run('undefined')
#2 /var/www/yii/framework/web/CWebApplication.php(141): CWebApplication->runController('militar/undefin...')
#3 /var/www/yii/framework/base/CApplication.php(184): CWebApplication->processRequest()
#4 /var/www/sadrh/index.php(13): CApplication->run()
#5 {main}
REQUEST_URI=/sadrh/index.php/militar/undefined
HTTP_REFERER=http://10.56.83.67/sadrh/index.php/militar/index
---
2016/03/23 14:58:06 [error] [exception.CHttpException.404] exception 'CHttpException' with message 'O sistema não foi capaz de encontrar a ação "undefined" solicitada.' in /var/www/yii/framework/web/CController.php:483
Stack trace:
#0 /var/www/yii/framework/web/CController.php(270): CController->missingAction('undefined')
#1 /var/www/yii/framework/web/CWebApplication.php(282): CController->run('undefined')
#2 /var/www/yii/framework/web/CWebApplication.php(141): CWebApplication->runController('militar/undefin...')
#3 /var/www/yii/framework/base/CApplication.php(184): CWebApplication->processRequest()
#4 /var/www/sadrh/index.php(13): CApplication->run()
#5 {main}
REQUEST_URI=/sadrh/index.php/militar/undefined
HTTP_REFERER=http://10.56.83.67/sadrh/index.php/militar/index
---
2016/03/23 14:58:08 [error] [exception.CHttpException.404] exception 'CHttpException' with message 'O sistema não foi capaz de encontrar a ação "undefined" solicitada.' in /var/www/yii/framework/web/CController.php:483
Stack trace:
#0 /var/www/yii/framework/web/CController.php(270): CController->missingAction('undefined')
#1 /var/www/yii/framework/web/CWebApplication.php(282): CController->run('undefined')
#2 /var/www/yii/framework/web/CWebApplication.php(141): CWebApplication->runController('militar/undefin...')
#3 /var/www/yii/framework/base/CApplication.php(184): CWebApplication->processRequest()
#4 /var/www/sadrh/index.php(13): CApplication->run()
#5 {main}
REQUEST_URI=/sadrh/index.php/militar/undefined
HTTP_REFERER=http://10.56.83.67/sadrh/index.php/militar/index
---
2016/03/23 14:58:09 [error] [exception.CHttpException.404] exception 'CHttpException' with message 'O sistema não foi capaz de encontrar a ação "undefined" solicitada.' in /var/www/yii/framework/web/CController.php:483
Stack trace:
#0 /var/www/yii/framework/web/CController.php(270): CController->missingAction('undefined')
#1 /var/www/yii/framework/web/CWebApplication.php(282): CController->run('undefined')
#2 /var/www/yii/framework/web/CWebApplication.php(141): CWebApplication->runController('militar/undefin...')
#3 /var/www/yii/framework/base/CApplication.php(184): CWebApplication->processRequest()
#4 /var/www/sadrh/index.php(13): CApplication->run()
#5 {main}
REQUEST_URI=/sadrh/index.php/militar/undefined
HTTP_REFERER=http://10.56.83.67/sadrh/index.php/militar/index
---
2016/03/23 14:58:10 [error] [exception.CHttpException.404] exception 'CHttpException' with message 'O sistema não foi capaz de encontrar a ação "undefined" solicitada.' in /var/www/yii/framework/web/CController.php:483
Stack trace:
#0 /var/www/yii/framework/web/CController.php(270): CController->missingAction('undefined')
#1 /var/www/yii/framework/web/CWebApplication.php(282): CController->run('undefined')
#2 /var/www/yii/framework/web/CWebApplication.php(141): CWebApplication->runController('militar/undefin...')
#3 /var/www/yii/framework/base/CApplication.php(184): CWebApplication->processRequest()
#4 /var/www/sadrh/index.php(13): CApplication->run()
#5 {main}
REQUEST_URI=/sadrh/index.php/militar/undefined
HTTP_REFERER=http://10.56.83.67/sadrh/index.php/militar/index
---
2016/03/23 14:58:18 [error] [exception.CHttpException.404] exception 'CHttpException' with message 'O sistema não foi capaz de encontrar a ação "undefined" solicitada.' in /var/www/yii/framework/web/CController.php:483
Stack trace:
#0 /var/www/yii/framework/web/CController.php(270): CController->missingAction('undefined')
#1 /var/www/yii/framework/web/CWebApplication.php(282): CController->run('undefined')
#2 /var/www/yii/framework/web/CWebApplication.php(141): CWebApplication->runController('militar/undefin...')
#3 /var/www/yii/framework/base/CApplication.php(184): CWebApplication->processRequest()
#4 /var/www/sadrh/index.php(13): CApplication->run()
#5 {main}
REQUEST_URI=/sadrh/index.php/militar/undefined
HTTP_REFERER=http://10.56.83.67/sadrh/index.php/militar/index
---
2016/03/23 15:15:55 [error] [exception.CHttpException.404] exception 'CHttpException' with message 'O sistema não foi capaz de encontrar a ação "undefined" solicitada.' in /var/www/yii/framework/web/CController.php:483
Stack trace:
#0 /var/www/yii/framework/web/CController.php(270): CController->missingAction('undefined')
#1 /var/www/yii/framework/web/CWebApplication.php(282): CController->run('undefined')
#2 /var/www/yii/framework/web/CWebApplication.php(141): CWebApplication->runController('militar/undefin...')
#3 /var/www/yii/framework/base/CApplication.php(184): CWebApplication->processRequest()
#4 /var/www/sadrh/index.php(13): CApplication->run()
#5 {main}
REQUEST_URI=/sadrh/index.php/militar/undefined
HTTP_REFERER=http://10.56.83.67/sadrh/index.php/militar/index
---
2016/03/23 15:18:51 [error] [exception.CHttpException.404] exception 'CHttpException' with message 'O sistema não foi capaz de encontrar a ação "undefined" solicitada.' in /var/www/yii/framework/web/CController.php:483
Stack trace:
#0 /var/www/yii/framework/web/CController.php(270): CController->missingAction('undefined')
#1 /var/www/yii/framework/web/CWebApplication.php(282): CController->run('undefined')
#2 /var/www/yii/framework/web/CWebApplication.php(141): CWebApplication->runController('militar/undefin...')
#3 /var/www/yii/framework/base/CApplication.php(184): CWebApplication->processRequest()
#4 /var/www/sadrh/index.php(13): CApplication->run()
#5 {main}
REQUEST_URI=/sadrh/index.php/militar/undefined
HTTP_REFERER=http://10.56.83.67/sadrh/index.php/militar/index
---
2016/03/23 15:24:36 [error] [exception.CHttpException.404] exception 'CHttpException' with message 'O sistema não foi capaz de encontrar a ação "undefined" solicitada.' in /var/www/yii/framework/web/CController.php:483
Stack trace:
#0 /var/www/yii/framework/web/CController.php(270): CController->missingAction('undefined')
#1 /var/www/yii/framework/web/CWebApplication.php(282): CController->run('undefined')
#2 /var/www/yii/framework/web/CWebApplication.php(141): CWebApplication->runController('militar/undefin...')
#3 /var/www/yii/framework/base/CApplication.php(184): CWebApplication->processRequest()
#4 /var/www/sadrh/index.php(13): CApplication->run()
#5 {main}
REQUEST_URI=/sadrh/index.php/militar/undefined
HTTP_REFERER=http://10.56.83.67/sadrh/index.php/militar/index
---
2016/03/23 15:31:30 [error] [exception.CHttpException.404] exception 'CHttpException' with message 'O sistema não foi capaz de encontrar a ação "undefined" solicitada.' in /var/www/yii/framework/web/CController.php:483
Stack trace:
#0 /var/www/yii/framework/web/CController.php(270): CController->missingAction('undefined')
#1 /var/www/yii/framework/web/CWebApplication.php(282): CController->run('undefined')
#2 /var/www/yii/framework/web/CWebApplication.php(141): CWebApplication->runController('militar/undefin...')
#3 /var/www/yii/framework/base/CApplication.php(184): CWebApplication->processRequest()
#4 /var/www/sadrh/index.php(13): CApplication->run()
#5 {main}
REQUEST_URI=/sadrh/index.php/militar/undefined
HTTP_REFERER=http://10.56.83.67/sadrh/index.php/militar/index
---
2016/03/23 15:46:55 [error] [exception.CHttpException.404] exception 'CHttpException' with message 'O sistema não foi capaz de encontrar a ação "undefined" solicitada.' in /var/www/yii/framework/web/CController.php:483
Stack trace:
#0 /var/www/yii/framework/web/CController.php(270): CController->missingAction('undefined')
#1 /var/www/yii/framework/web/CWebApplication.php(282): CController->run('undefined')
#2 /var/www/yii/framework/web/CWebApplication.php(141): CWebApplication->runController('militar/undefin...')
#3 /var/www/yii/framework/base/CApplication.php(184): CWebApplication->processRequest()
#4 /var/www/sadrh/index.php(13): CApplication->run()
#5 {main}
REQUEST_URI=/sadrh/index.php/militar/undefined
HTTP_REFERER=http://10.56.83.67/sadrh/index.php/militar/index
---
2016/03/23 15:58:02 [error] [exception.CHttpException.404] exception 'CHttpException' with message 'O sistema não foi capaz de encontrar a ação "undefined" solicitada.' in /var/www/yii/framework/web/CController.php:483
Stack trace:
#0 /var/www/yii/framework/web/CController.php(270): CController->missingAction('undefined')
#1 /var/www/yii/framework/web/CWebApplication.php(282): CController->run('undefined')
#2 /var/www/yii/framework/web/CWebApplication.php(141): CWebApplication->runController('militar/undefin...')
#3 /var/www/yii/framework/base/CApplication.php(184): CWebApplication->processRequest()
#4 /var/www/sadrh/index.php(13): CApplication->run()
#5 {main}
REQUEST_URI=/sadrh/index.php/militar/undefined
HTTP_REFERER=http://10.56.83.67/sadrh/index.php/militar/index
---
2016/03/23 16:01:19 [error] [exception.CHttpException.404] exception 'CHttpException' with message 'O sistema não foi capaz de encontrar a ação "undefined" solicitada.' in /var/www/yii/framework/web/CController.php:483
Stack trace:
#0 /var/www/yii/framework/web/CController.php(270): CController->missingAction('undefined')
#1 /var/www/yii/framework/web/CWebApplication.php(282): CController->run('undefined')
#2 /var/www/yii/framework/web/CWebApplication.php(141): CWebApplication->runController('militar/undefin...')
#3 /var/www/yii/framework/base/CApplication.php(184): CWebApplication->processRequest()
#4 /var/www/sadrh/index.php(13): CApplication->run()
#5 {main}
REQUEST_URI=/sadrh/index.php/militar/undefined
HTTP_REFERER=http://10.56.83.67/sadrh/index.php/militar/index
---
2016/03/23 16:01:27 [error] [exception.CHttpException.404] exception 'CHttpException' with message 'O sistema não foi capaz de encontrar a ação "undefined" solicitada.' in /var/www/yii/framework/web/CController.php:483
Stack trace:
#0 /var/www/yii/framework/web/CController.php(270): CController->missingAction('undefined')
#1 /var/www/yii/framework/web/CWebApplication.php(282): CController->run('undefined')
#2 /var/www/yii/framework/web/CWebApplication.php(141): CWebApplication->runController('militar/undefin...')
#3 /var/www/yii/framework/base/CApplication.php(184): CWebApplication->processRequest()
#4 /var/www/sadrh/index.php(13): CApplication->run()
#5 {main}
REQUEST_URI=/sadrh/index.php/militar/undefined
HTTP_REFERER=http://10.56.83.67/sadrh/index.php/militar/index
---
2016/03/23 16:14:10 [error] [exception.CHttpException.404] exception 'CHttpException' with message 'O sistema não foi capaz de encontrar a ação "undefined" solicitada.' in /var/www/yii/framework/web/CController.php:483
Stack trace:
#0 /var/www/yii/framework/web/CController.php(270): CController->missingAction('undefined')
#1 /var/www/yii/framework/web/CWebApplication.php(282): CController->run('undefined')
#2 /var/www/yii/framework/web/CWebApplication.php(141): CWebApplication->runController('militar/undefin...')
#3 /var/www/yii/framework/base/CApplication.php(184): CWebApplication->processRequest()
#4 /var/www/sadrh/index.php(13): CApplication->run()
#5 {main}
REQUEST_URI=/sadrh/index.php/militar/undefined
HTTP_REFERER=http://10.56.83.67/sadrh/index.php/militar/index
---
2016/03/23 16:14:24 [error] [exception.CHttpException.404] exception 'CHttpException' with message 'O sistema não foi capaz de encontrar a ação "undefined" solicitada.' in /var/www/yii/framework/web/CController.php:483
Stack trace:
#0 /var/www/yii/framework/web/CController.php(270): CController->missingAction('undefined')
#1 /var/www/yii/framework/web/CWebApplication.php(282): CController->run('undefined')
#2 /var/www/yii/framework/web/CWebApplication.php(141): CWebApplication->runController('militar/undefin...')
#3 /var/www/yii/framework/base/CApplication.php(184): CWebApplication->processRequest()
#4 /var/www/sadrh/index.php(13): CApplication->run()
#5 {main}
REQUEST_URI=/sadrh/index.php/militar/undefined
HTTP_REFERER=http://10.56.83.67/sadrh/index.php/militar/index
---
2016/03/23 16:14:30 [error] [exception.CHttpException.404] exception 'CHttpException' with message 'O sistema não foi capaz de encontrar a ação "undefined" solicitada.' in /var/www/yii/framework/web/CController.php:483
Stack trace:
#0 /var/www/yii/framework/web/CController.php(270): CController->missingAction('undefined')
#1 /var/www/yii/framework/web/CWebApplication.php(282): CController->run('undefined')
#2 /var/www/yii/framework/web/CWebApplication.php(141): CWebApplication->runController('militar/undefin...')
#3 /var/www/yii/framework/base/CApplication.php(184): CWebApplication->processRequest()
#4 /var/www/sadrh/index.php(13): CApplication->run()
#5 {main}
REQUEST_URI=/sadrh/index.php/militar/undefined
HTTP_REFERER=http://10.56.83.67/sadrh/index.php/militar/index
---
2016/03/23 16:14:46 [error] [exception.CHttpException.404] exception 'CHttpException' with message 'O sistema não foi capaz de encontrar a ação "undefined" solicitada.' in /var/www/yii/framework/web/CController.php:483
Stack trace:
#0 /var/www/yii/framework/web/CController.php(270): CController->missingAction('undefined')
#1 /var/www/yii/framework/web/CWebApplication.php(282): CController->run('undefined')
#2 /var/www/yii/framework/web/CWebApplication.php(141): CWebApplication->runController('militar/undefin...')
#3 /var/www/yii/framework/base/CApplication.php(184): CWebApplication->processRequest()
#4 /var/www/sadrh/index.php(13): CApplication->run()
#5 {main}
REQUEST_URI=/sadrh/index.php/militar/undefined
HTTP_REFERER=http://10.56.83.67/sadrh/index.php/militar/index
---
2016/03/23 16:15:51 [error] [exception.CHttpException.404] exception 'CHttpException' with message 'O sistema não foi capaz de encontrar a ação "undefined" solicitada.' in /var/www/yii/framework/web/CController.php:483
Stack trace:
#0 /var/www/yii/framework/web/CController.php(270): CController->missingAction('undefined')
#1 /var/www/yii/framework/web/CWebApplication.php(282): CController->run('undefined')
#2 /var/www/yii/framework/web/CWebApplication.php(141): CWebApplication->runController('militar/undefin...')
#3 /var/www/yii/framework/base/CApplication.php(184): CWebApplication->processRequest()
#4 /var/www/sadrh/index.php(13): CApplication->run()
#5 {main}
REQUEST_URI=/sadrh/index.php/militar/undefined
HTTP_REFERER=http://10.56.83.67/sadrh/index.php/militar/index
---
2016/03/23 16:16:02 [error] [exception.CHttpException.404] exception 'CHttpException' with message 'O sistema não foi capaz de encontrar a ação "undefined" solicitada.' in /var/www/yii/framework/web/CController.php:483
Stack trace:
#0 /var/www/yii/framework/web/CController.php(270): CController->missingAction('undefined')
#1 /var/www/yii/framework/web/CWebApplication.php(282): CController->run('undefined')
#2 /var/www/yii/framework/web/CWebApplication.php(141): CWebApplication->runController('militar/undefin...')
#3 /var/www/yii/framework/base/CApplication.php(184): CWebApplication->processRequest()
#4 /var/www/sadrh/index.php(13): CApplication->run()
#5 {main}
REQUEST_URI=/sadrh/index.php/militar/undefined
HTTP_REFERER=http://10.56.83.67/sadrh/index.php/militar/index
---
2016/03/23 16:17:22 [error] [exception.CHttpException.404] exception 'CHttpException' with message 'O sistema não foi capaz de encontrar a ação "undefined" solicitada.' in /var/www/yii/framework/web/CController.php:483
Stack trace:
#0 /var/www/yii/framework/web/CController.php(270): CController->missingAction('undefined')
#1 /var/www/yii/framework/web/CWebApplication.php(282): CController->run('undefined')
#2 /var/www/yii/framework/web/CWebApplication.php(141): CWebApplication->runController('militar/undefin...')
#3 /var/www/yii/framework/base/CApplication.php(184): CWebApplication->processRequest()
#4 /var/www/sadrh/index.php(13): CApplication->run()
#5 {main}
REQUEST_URI=/sadrh/index.php/militar/undefined
HTTP_REFERER=http://10.56.83.67/sadrh/index.php/militar/index
---
2016/03/23 16:18:31 [error] [exception.CHttpException.404] exception 'CHttpException' with message 'O sistema não foi capaz de encontrar a ação "undefined" solicitada.' in /var/www/yii/framework/web/CController.php:483
Stack trace:
#0 /var/www/yii/framework/web/CController.php(270): CController->missingAction('undefined')
#1 /var/www/yii/framework/web/CWebApplication.php(282): CController->run('undefined')
#2 /var/www/yii/framework/web/CWebApplication.php(141): CWebApplication->runController('militar/undefin...')
#3 /var/www/yii/framework/base/CApplication.php(184): CWebApplication->processRequest()
#4 /var/www/sadrh/index.php(13): CApplication->run()
#5 {main}
REQUEST_URI=/sadrh/index.php/militar/undefined
HTTP_REFERER=http://10.56.83.67/sadrh/index.php/militar/index
---
2016/03/23 16:24:20 [error] [php] Undefined variable: id_militar (/var/www/sadrh/protected/views/militar/tab_detalhes.php:16)
Stack trace:
#0 /var/www/yii/framework/web/CController.php(869): MilitarController->renderFile()
#1 /var/www/sadrh/protected/views/militar/view.php(34): MilitarController->renderPartial()
#2 /var/www/yii/framework/web/CBaseController.php(126): require()
#3 /var/www/yii/framework/web/CBaseController.php(95): MilitarController->renderInternal()
#4 /var/www/yii/framework/web/CController.php(869): MilitarController->renderFile()
#5 /var/www/sadrh/protected/controllers/MilitarController.php(84): MilitarController->renderPartial()
#6 unknown(0): MilitarController->actionView()
#7 /var/www/yii/framework/web/actions/CAction.php(109): ReflectionMethod->invokeArgs()
#8 /var/www/yii/framework/web/actions/CInlineAction.php(47): CInlineAction->runWithParamsInternal()
#9 /var/www/yii/framework/web/CController.php(308): CInlineAction->runWithParams()
#10 /var/www/yii/framework/web/filters/CFilterChain.php(133): MilitarController->runAction()
#11 /var/www/yii/framework/web/filters/CFilter.php(40): CFilterChain->run()
#12 /var/www/yii/framework/web/CController.php(1145): CAccessControlFilter->filter()
#13 /var/www/yii/framework/web/filters/CInlineFilter.php(58): MilitarController->filterAccessControl()
#14 /var/www/yii/framework/web/filters/CFilterChain.php(130): CInlineFilter->filter()
#15 /var/www/yii/framework/web/CController.php(291): CFilterChain->run()
#16 /var/www/yii/framework/web/CController.php(265): MilitarController->runActionWithFilters()
#17 /var/www/yii/framework/web/CWebApplication.php(282): MilitarController->run()
#18 /var/www/yii/framework/web/CWebApplication.php(141): CWebApplication->runController()
#19 /var/www/yii/framework/base/CApplication.php(184): CWebApplication->processRequest()
#20 /var/www/sadrh/index.php(13): CWebApplication->run()
REQUEST_URI=/sadrh/index.php/militar/304
in /var/www/sadrh/protected/views/militar/tab_detalhes.php (16)
in /var/www/sadrh/protected/views/militar/view.php (34)
in /var/www/sadrh/protected/controllers/MilitarController.php (84)
2016/03/23 16:24:22 [error] [php] Undefined variable: id_militar (/var/www/sadrh/protected/views/militar/tab_detalhes.php:16)
Stack trace:
#0 /var/www/yii/framework/web/CController.php(869): MilitarController->renderFile()
#1 /var/www/sadrh/protected/views/militar/view.php(34): MilitarController->renderPartial()
#2 /var/www/yii/framework/web/CBaseController.php(126): require()
#3 /var/www/yii/framework/web/CBaseController.php(95): MilitarController->renderInternal()
#4 /var/www/yii/framework/web/CController.php(869): MilitarController->renderFile()
#5 /var/www/sadrh/protected/controllers/MilitarController.php(84): MilitarController->renderPartial()
#6 unknown(0): MilitarController->actionView()
#7 /var/www/yii/framework/web/actions/CAction.php(109): ReflectionMethod->invokeArgs()
#8 /var/www/yii/framework/web/actions/CInlineAction.php(47): CInlineAction->runWithParamsInternal()
#9 /var/www/yii/framework/web/CController.php(308): CInlineAction->runWithParams()
#10 /var/www/yii/framework/web/filters/CFilterChain.php(133): MilitarController->runAction()
#11 /var/www/yii/framework/web/filters/CFilter.php(40): CFilterChain->run()
#12 /var/www/yii/framework/web/CController.php(1145): CAccessControlFilter->filter()
#13 /var/www/yii/framework/web/filters/CInlineFilter.php(58): MilitarController->filterAccessControl()
#14 /var/www/yii/framework/web/filters/CFilterChain.php(130): CInlineFilter->filter()
#15 /var/www/yii/framework/web/CController.php(291): CFilterChain->run()
#16 /var/www/yii/framework/web/CController.php(265): MilitarController->runActionWithFilters()
#17 /var/www/yii/framework/web/CWebApplication.php(282): MilitarController->run()
#18 /var/www/yii/framework/web/CWebApplication.php(141): CWebApplication->runController()
#19 /var/www/yii/framework/base/CApplication.php(184): CWebApplication->processRequest()
#20 /var/www/sadrh/index.php(13): CWebApplication->run()
REQUEST_URI=/sadrh/index.php/militar/304
in /var/www/sadrh/protected/views/militar/tab_detalhes.php (16)
in /var/www/sadrh/protected/views/militar/view.php (34)
in /var/www/sadrh/protected/controllers/MilitarController.php (84)
2016/03/23 16:24:25 [error] [php] Undefined variable: id_militar (/var/www/sadrh/protected/views/militar/tab_detalhes.php:16)
Stack trace:
#0 /var/www/yii/framework/web/CController.php(869): MilitarController->renderFile()
#1 /var/www/sadrh/protected/views/militar/view.php(34): MilitarController->renderPartial()
#2 /var/www/yii/framework/web/CBaseController.php(126): require()
#3 /var/www/yii/framework/web/CBaseController.php(95): MilitarController->renderInternal()
#4 /var/www/yii/framework/web/CController.php(869): MilitarController->renderFile()
#5 /var/www/sadrh/protected/controllers/MilitarController.php(84): MilitarController->renderPartial()
#6 unknown(0): MilitarController->actionView()
#7 /var/www/yii/framework/web/actions/CAction.php(109): ReflectionMethod->invokeArgs()
#8 /var/www/yii/framework/web/actions/CInlineAction.php(47): CInlineAction->runWithParamsInternal()
#9 /var/www/yii/framework/web/CController.php(308): CInlineAction->runWithParams()
#10 /var/www/yii/framework/web/filters/CFilterChain.php(133): MilitarController->runAction()
#11 /var/www/yii/framework/web/filters/CFilter.php(40): CFilterChain->run()
#12 /var/www/yii/framework/web/CController.php(1145): CAccessControlFilter->filter()
#13 /var/www/yii/framework/web/filters/CInlineFilter.php(58): MilitarController->filterAccessControl()
#14 /var/www/yii/framework/web/filters/CFilterChain.php(130): CInlineFilter->filter()
#15 /var/www/yii/framework/web/CController.php(291): CFilterChain->run()
#16 /var/www/yii/framework/web/CController.php(265): MilitarController->runActionWithFilters()
#17 /var/www/yii/framework/web/CWebApplication.php(282): MilitarController->run()
#18 /var/www/yii/framework/web/CWebApplication.php(141): CWebApplication->runController()
#19 /var/www/yii/framework/base/CApplication.php(184): CWebApplication->processRequest()
#20 /var/www/sadrh/index.php(13): CWebApplication->run()
REQUEST_URI=/sadrh/index.php/militar/304
in /var/www/sadrh/protected/views/militar/tab_detalhes.php (16)
in /var/www/sadrh/protected/views/militar/view.php (34)
in /var/www/sadrh/protected/controllers/MilitarController.php (84)
2016/03/23 16:24:48 [error] [exception.CHttpException.404] exception 'CHttpException' with message 'Não foi possível resolver a requisição "controller/action".' in /var/www/yii/framework/web/CWebApplication.php:286
Stack trace:
#0 /var/www/yii/framework/web/CWebApplication.php(141): CWebApplication->runController('controller/acti...')
#1 /var/www/yii/framework/base/CApplication.php(184): CWebApplication->processRequest()
#2 /var/www/sadrh/index.php(13): CApplication->run()
#3 {main}
REQUEST_URI=/sadrh/index.php/controller/action
HTTP_REFERER=http://10.56.83.67/sadrh/index.php/militar/index
---
2016/03/23 16:24:49 [error] [exception.CHttpException.404] exception 'CHttpException' with message 'Não foi possível resolver a requisição "controller/action".' in /var/www/yii/framework/web/CWebApplication.php:286
Stack trace:
#0 /var/www/yii/framework/web/CWebApplication.php(141): CWebApplication->runController('controller/acti...')
#1 /var/www/yii/framework/base/CApplication.php(184): CWebApplication->processRequest()
#2 /var/www/sadrh/index.php(13): CApplication->run()
#3 {main}
REQUEST_URI=/sadrh/index.php/controller/action
---
2016/03/24 12:34:45 [error] [php] Invalid argument supplied for foreach() (/var/www/yii/framework/web/helpers/CHtml.php:2524)
Stack trace:
#0 /var/www/sadrh/protected/views/militar/_form.php(130): CActiveForm->dropDownList()
#1 /var/www/yii/framework/web/CBaseController.php(126): require()
#2 /var/www/yii/framework/web/CBaseController.php(95): MilitarController->renderInternal()
#3 /var/www/yii/framework/web/CController.php(869): MilitarController->renderFile()
#4 /var/www/sadrh/protected/views/militar/create.php(12): MilitarController->renderPartial()
#5 /var/www/yii/framework/web/CBaseController.php(126): require()
#6 /var/www/yii/framework/web/CBaseController.php(95): MilitarController->renderInternal()
#7 /var/www/yii/framework/web/CController.php(869): MilitarController->renderFile()
#8 /var/www/yii/framework/web/CController.php(782): MilitarController->renderPartial()
#9 /var/www/sadrh/protected/controllers/MilitarController.php(107): MilitarController->render()
#10 /var/www/yii/framework/web/actions/CInlineAction.php(49): MilitarController->actionCreate()
#11 /var/www/yii/framework/web/CController.php(308): CInlineAction->runWithParams()
#12 /var/www/yii/framework/web/filters/CFilterChain.php(133): MilitarController->runAction()
#13 /var/www/yii/framework/web/filters/CFilter.php(40): CFilterChain->run()
#14 /var/www/yii/framework/web/CController.php(1145): CAccessControlFilter->filter()
#15 /var/www/yii/framework/web/filters/CInlineFilter.php(58): MilitarController->filterAccessControl()
#16 /var/www/yii/framework/web/filters/CFilterChain.php(130): CInlineFilter->filter()
#17 /var/www/yii/framework/web/CController.php(291): CFilterChain->run()
#18 /var/www/yii/framework/web/CController.php(265): MilitarController->runActionWithFilters()
#19 /var/www/yii/framework/web/CWebApplication.php(282): MilitarController->run()
#20 /var/www/yii/framework/web/CWebApplication.php(141): CWebApplication->runController()
#21 /var/www/yii/framework/base/CApplication.php(184): CWebApplication->processRequest()
#22 /var/www/sadrh/index.php(13): CWebApplication->run()
REQUEST_URI=/sadrh/index.php/militar/create
in /var/www/sadrh/protected/views/militar/_form.php (130)
in /var/www/sadrh/protected/views/militar/create.php (12)
in /var/www/sadrh/protected/controllers/MilitarController.php (107)
2016/03/24 12:34:45 [error] [php] Invalid argument supplied for foreach() (/var/www/yii/framework/web/helpers/CHtml.php:2524)
Stack trace:
#0 /var/www/sadrh/protected/views/militar/_form.php(130): CActiveForm->dropDownList()
#1 /var/www/yii/framework/web/CBaseController.php(126): require()
#2 /var/www/yii/framework/web/CBaseController.php(95): MilitarController->renderInternal()
#3 /var/www/yii/framework/web/CController.php(869): MilitarController->renderFile()
#4 /var/www/sadrh/protected/views/militar/create.php(12): MilitarController->renderPartial()
#5 /var/www/yii/framework/web/CBaseController.php(126): require()
#6 /var/www/yii/framework/web/CBaseController.php(95): MilitarController->renderInternal()
#7 /var/www/yii/framework/web/CController.php(869): MilitarController->renderFile()
#8 /var/www/yii/framework/web/CController.php(782): MilitarController->renderPartial()
#9 /var/www/sadrh/protected/controllers/MilitarController.php(107): MilitarController->render()
#10 /var/www/yii/framework/web/actions/CInlineAction.php(49): MilitarController->actionCreate()
#11 /var/www/yii/framework/web/CController.php(308): CInlineAction->runWithParams()
#12 /var/www/yii/framework/web/filters/CFilterChain.php(133): MilitarController->runAction()
#13 /var/www/yii/framework/web/filters/CFilter.php(40): CFilterChain->run()
#14 /var/www/yii/framework/web/CController.php(1145): CAccessControlFilter->filter()
#15 /var/www/yii/framework/web/filters/CInlineFilter.php(58): MilitarController->filterAccessControl()
#16 /var/www/yii/framework/web/filters/CFilterChain.php(130): CInlineFilter->filter()
#17 /var/www/yii/framework/web/CController.php(291): CFilterChain->run()
#18 /var/www/yii/framework/web/CController.php(265): MilitarController->runActionWithFilters()
#19 /var/www/yii/framework/web/CWebApplication.php(282): MilitarController->run()
#20 /var/www/yii/framework/web/CWebApplication.php(141): CWebApplication->runController()
#21 /var/www/yii/framework/base/CApplication.php(184): CWebApplication->processRequest()
#22 /var/www/sadrh/index.php(13): CWebApplication->run()
REQUEST_URI=/sadrh/index.php/militar/create
in /var/www/sadrh/protected/views/militar/_form.php (130)
in /var/www/sadrh/protected/views/militar/create.php (12)
in /var/www/sadrh/protected/controllers/MilitarController.php (107)
2016/03/24 14:21:30 [error] [system.db.CDbCommand] Falha ao executar CDbCommand::execute(): SQLSTATE[23000]: Integrity constraint violation: 1062 Duplicate entry '4203739' for key 'saram'. A declaração SQL executada foi: INSERT INTO `militar` (`saram`, `id_posto`, `id_quadro`, `id_especialidade`, `nome_completo`, `nome_guerra`, `foto`, `antiguidade`, `nascimento`, `uf_naturalidade`, `naturalidade`, `estado_civil`, `identidade`, `cpf`, `rc_ra`, `pasep`, `sexo`, `tipo_sanguineo`, `carteira_motorista`, `cat_hab`, `titulo_eleitoral`, `secao_eleitoral`, `zona_eleitoral`, `comportamento`, `om`, `divisao`, `subdivisao`, `secao`, `subsecao`, `data_apres_om`, `data_praca`, `resp_alteracao`, `data_inclusao`) VALUES (:yp0, :yp1, :yp2, :yp3, :yp4, :yp5, :yp6, :yp7, :yp8, :yp9, :yp10, :yp11, :yp12, :yp13, :yp14, :yp15, :yp16, :yp17, :yp18, :yp19, :yp20, :yp21, :yp22, :yp23, :yp24, :yp25, :yp26, :yp27, :yp28, :yp29, :yp30, :yp31, :yp32).
in /var/www/sadrh/protected/controllers/MilitarController.php (104)
in /var/www/sadrh/index.php (13)
2016/03/24 14:21:30 [error] [exception.CDbException] exception 'CDbException' with message 'CDbCommand falhou ao executar o comando SQL: SQLSTATE[23000]: Integrity constraint violation: 1062 Duplicate entry '4203739' for key 'saram'. The SQL statement executed was: INSERT INTO `militar` (`saram`, `id_posto`, `id_quadro`, `id_especialidade`, `nome_completo`, `nome_guerra`, `foto`, `antiguidade`, `nascimento`, `uf_naturalidade`, `naturalidade`, `estado_civil`, `identidade`, `cpf`, `rc_ra`, `pasep`, `sexo`, `tipo_sanguineo`, `carteira_motorista`, `cat_hab`, `titulo_eleitoral`, `secao_eleitoral`, `zona_eleitoral`, `comportamento`, `om`, `divisao`, `subdivisao`, `secao`, `subsecao`, `data_apres_om`, `data_praca`, `resp_alteracao`, `data_inclusao`) VALUES (:yp0, :yp1, :yp2, :yp3, :yp4, :yp5, :yp6, :yp7, :yp8, :yp9, :yp10, :yp11, :yp12, :yp13, :yp14, :yp15, :yp16, :yp17, :yp18, :yp19, :yp20, :yp21, :yp22, :yp23, :yp24, :yp25, :yp26, :yp27, :yp28, :yp29, :yp30, :yp31, :yp32)' in /var/www/yii/framework/db/CDbCommand.php:358
Stack trace:
#0 /var/www/yii/framework/db/ar/CActiveRecord.php(1080): CDbCommand->execute()
#1 /var/www/yii/framework/db/ar/CActiveRecord.php(809): CActiveRecord->insert(NULL)
#2 /var/www/sadrh/protected/controllers/MilitarController.php(104): CActiveRecord->save()
#3 /var/www/yii/framework/web/actions/CInlineAction.php(49): MilitarController->actionCreate()
#4 /var/www/yii/framework/web/CController.php(308): CInlineAction->runWithParams(Array)
#5 /var/www/yii/framework/web/filters/CFilterChain.php(133): CController->runAction(Object(CInlineAction))
#6 /var/www/yii/framework/web/filters/CFilter.php(40): CFilterChain->run()
#7 /var/www/yii/framework/web/CController.php(1145): CFilter->filter(Object(CFilterChain))
#8 /var/www/yii/framework/web/filters/CInlineFilter.php(58): CController->filterAccessControl(Object(CFilterChain))
#9 /var/www/yii/framework/web/filters/CFilterChain.php(130): CInlineFilter->filter(Object(CFilterChain))
#10 /var/www/yii/framework/web/CController.php(291): CFilterChain->run()
#11 /var/www/yii/framework/web/CController.php(265): CController->runActionWithFilters(Object(CInlineAction), Array)
#12 /var/www/yii/framework/web/CWebApplication.php(282): CController->run('create')
#13 /var/www/yii/framework/web/CWebApplication.php(141): CWebApplication->runController('militar/create')
#14 /var/www/yii/framework/base/CApplication.php(184): CWebApplication->processRequest()
#15 /var/www/sadrh/index.php(13): CApplication->run()
#16 {main}
REQUEST_URI=/sadrh/index.php/militar/create
HTTP_REFERER=http://10.56.83.67/sadrh/index.php/militar/create
---
2016/03/24 15:13:59 [error] [php] include(subDivisao.php): failed to open stream: No such file or directory (/var/www/yii/framework/YiiBase.php:432)
Stack trace:
#0 /var/www/sadrh/protected/models/Militar.php(485): spl_autoload_call()
#1 /var/www/sadrh/protected/views/militar/_form.php(325): Militar->getSubDivisao()
#2 /var/www/yii/framework/web/CBaseController.php(126): require()
#3 /var/www/yii/framework/web/CBaseController.php(95): MilitarController->renderInternal()
#4 /var/www/yii/framework/web/CController.php(869): MilitarController->renderFile()
#5 /var/www/sadrh/protected/views/militar/update.php(21): MilitarController->renderPartial()
#6 /var/www/yii/framework/web/CBaseController.php(126): require()
#7 /var/www/yii/framework/web/CBaseController.php(95): MilitarController->renderInternal()
#8 /var/www/yii/framework/web/CController.php(869): MilitarController->renderFile()
#9 /var/www/yii/framework/web/CController.php(782): MilitarController->renderPartial()
#10 /var/www/sadrh/protected/controllers/MilitarController.php(134): MilitarController->render()
#11 unknown(0): MilitarController->actionUpdate()
#12 /var/www/yii/framework/web/actions/CAction.php(109): ReflectionMethod->invokeArgs()
#13 /var/www/yii/framework/web/actions/CInlineAction.php(47): CInlineAction->runWithParamsInternal()
#14 /var/www/yii/framework/web/CController.php(308): CInlineAction->runWithParams()
#15 /var/www/yii/framework/web/filters/CFilterChain.php(133): MilitarController->runAction()
#16 /var/www/yii/framework/web/filters/CFilter.php(40): CFilterChain->run()
#17 /var/www/yii/framework/web/CController.php(1145): CAccessControlFilter->filter()
#18 /var/www/yii/framework/web/filters/CInlineFilter.php(58): MilitarController->filterAccessControl()
#19 /var/www/yii/framework/web/filters/CFilterChain.php(130): CInlineFilter->filter()
#20 /var/www/yii/framework/web/CController.php(291): CFilterChain->run()
#21 /var/www/yii/framework/web/CController.php(265): MilitarController->runActionWithFilters()
#22 /var/www/yii/framework/web/CWebApplication.php(282): MilitarController->run()
#23 /var/www/yii/framework/web/CWebApplication.php(141): CWebApplication->runController()
#24 /var/www/yii/framework/base/CApplication.php(184): CWebApplication->processRequest()
#25 /var/www/sadrh/index.php(13): CWebApplication->run()
REQUEST_URI=/sadrh/index.php/militar/update/841
in /var/www/sadrh/protected/models/Militar.php (485)
in /var/www/sadrh/protected/views/militar/_form.php (325)
in /var/www/sadrh/protected/views/militar/update.php (21)
2016/03/24 15:13:59 [error] [php] include(subDivisao.php): failed to open stream: No such file or directory (/var/www/yii/framework/YiiBase.php:432)
Stack trace:
#0 /var/www/sadrh/protected/models/Militar.php(485): spl_autoload_call()
#1 /var/www/sadrh/protected/views/militar/_form.php(325): Militar->getSubDivisao()
#2 /var/www/yii/framework/web/CBaseController.php(126): require()
#3 /var/www/yii/framework/web/CBaseController.php(95): MilitarController->renderInternal()
#4 /var/www/yii/framework/web/CController.php(869): MilitarController->renderFile()
#5 /var/www/sadrh/protected/views/militar/update.php(21): MilitarController->renderPartial()
#6 /var/www/yii/framework/web/CBaseController.php(126): require()
#7 /var/www/yii/framework/web/CBaseController.php(95): MilitarController->renderInternal()
#8 /var/www/yii/framework/web/CController.php(869): MilitarController->renderFile()
#9 /var/www/yii/framework/web/CController.php(782): MilitarController->renderPartial()
#10 /var/www/sadrh/protected/controllers/MilitarController.php(134): MilitarController->render()
#11 unknown(0): MilitarController->actionUpdate()
#12 /var/www/yii/framework/web/actions/CAction.php(109): ReflectionMethod->invokeArgs()
#13 /var/www/yii/framework/web/actions/CInlineAction.php(47): CInlineAction->runWithParamsInternal()
#14 /var/www/yii/framework/web/CController.php(308): CInlineAction->runWithParams()
#15 /var/www/yii/framework/web/filters/CFilterChain.php(133): MilitarController->runAction()
#16 /var/www/yii/framework/web/filters/CFilter.php(40): CFilterChain->run()
#17 /var/www/yii/framework/web/CController.php(1145): CAccessControlFilter->filter()
#18 /var/www/yii/framework/web/filters/CInlineFilter.php(58): MilitarController->filterAccessControl()
#19 /var/www/yii/framework/web/filters/CFilterChain.php(130): CInlineFilter->filter()
#20 /var/www/yii/framework/web/CController.php(291): CFilterChain->run()
#21 /var/www/yii/framework/web/CController.php(265): MilitarController->runActionWithFilters()
#22 /var/www/yii/framework/web/CWebApplication.php(282): MilitarController->run()
#23 /var/www/yii/framework/web/CWebApplication.php(141): CWebApplication->runController()
#24 /var/www/yii/framework/base/CApplication.php(184): CWebApplication->processRequest()
#25 /var/www/sadrh/index.php(13): CWebApplication->run()
REQUEST_URI=/sadrh/index.php/militar/update/841
in /var/www/sadrh/protected/models/Militar.php (485)
in /var/www/sadrh/protected/views/militar/_form.php (325)
in /var/www/sadrh/protected/views/militar/update.php (21)
2016/03/24 15:14:16 [error] [php] include(SubDivisao.php): failed to open stream: No such file or directory (/var/www/yii/framework/YiiBase.php:432)
Stack trace:
#0 /var/www/sadrh/protected/models/Militar.php(485): spl_autoload_call()
#1 /var/www/sadrh/protected/views/militar/_form.php(325): Militar->getSubDivisao()
#2 /var/www/yii/framework/web/CBaseController.php(126): require()
#3 /var/www/yii/framework/web/CBaseController.php(95): MilitarController->renderInternal()
#4 /var/www/yii/framework/web/CController.php(869): MilitarController->renderFile()
#5 /var/www/sadrh/protected/views/militar/update.php(21): MilitarController->renderPartial()
#6 /var/www/yii/framework/web/CBaseController.php(126): require()
#7 /var/www/yii/framework/web/CBaseController.php(95): MilitarController->renderInternal()
#8 /var/www/yii/framework/web/CController.php(869): MilitarController->renderFile()
#9 /var/www/yii/framework/web/CController.php(782): MilitarController->renderPartial()
#10 /var/www/sadrh/protected/controllers/MilitarController.php(134): MilitarController->render()
#11 unknown(0): MilitarController->actionUpdate()
#12 /var/www/yii/framework/web/actions/CAction.php(109): ReflectionMethod->invokeArgs()
#13 /var/www/yii/framework/web/actions/CInlineAction.php(47): CInlineAction->runWithParamsInternal()
#14 /var/www/yii/framework/web/CController.php(308): CInlineAction->runWithParams()
#15 /var/www/yii/framework/web/filters/CFilterChain.php(133): MilitarController->runAction()
#16 /var/www/yii/framework/web/filters/CFilter.php(40): CFilterChain->run()
#17 /var/www/yii/framework/web/CController.php(1145): CAccessControlFilter->filter()
#18 /var/www/yii/framework/web/filters/CInlineFilter.php(58): MilitarController->filterAccessControl()
#19 /var/www/yii/framework/web/filters/CFilterChain.php(130): CInlineFilter->filter()
#20 /var/www/yii/framework/web/CController.php(291): CFilterChain->run()
#21 /var/www/yii/framework/web/CController.php(265): MilitarController->runActionWithFilters()
#22 /var/www/yii/framework/web/CWebApplication.php(282): MilitarController->run()
#23 /var/www/yii/framework/web/CWebApplication.php(141): CWebApplication->runController()
#24 /var/www/yii/framework/base/CApplication.php(184): CWebApplication->processRequest()
#25 /var/www/sadrh/index.php(13): CWebApplication->run()
REQUEST_URI=/sadrh/index.php/militar/update/841
in /var/www/sadrh/protected/models/Militar.php (485)
in /var/www/sadrh/protected/views/militar/_form.php (325)
in /var/www/sadrh/protected/views/militar/update.php (21)
2016/03/24 15:14:16 [error] [php] include(SubDivisao.php): failed to open stream: No such file or directory (/var/www/yii/framework/YiiBase.php:432)
Stack trace:
#0 /var/www/sadrh/protected/models/Militar.php(485): spl_autoload_call()
#1 /var/www/sadrh/protected/views/militar/_form.php(325): Militar->getSubDivisao()
#2 /var/www/yii/framework/web/CBaseController.php(126): require()
#3 /var/www/yii/framework/web/CBaseController.php(95): MilitarController->renderInternal()
#4 /var/www/yii/framework/web/CController.php(869): MilitarController->renderFile()
#5 /var/www/sadrh/protected/views/militar/update.php(21): MilitarController->renderPartial()
#6 /var/www/yii/framework/web/CBaseController.php(126): require()
#7 /var/www/yii/framework/web/CBaseController.php(95): MilitarController->renderInternal()
#8 /var/www/yii/framework/web/CController.php(869): MilitarController->renderFile()
#9 /var/www/yii/framework/web/CController.php(782): MilitarController->renderPartial()
#10 /var/www/sadrh/protected/controllers/MilitarController.php(134): MilitarController->render()
#11 unknown(0): MilitarController->actionUpdate()
#12 /var/www/yii/framework/web/actions/CAction.php(109): ReflectionMethod->invokeArgs()
#13 /var/www/yii/framework/web/actions/CInlineAction.php(47): CInlineAction->runWithParamsInternal()
#14 /var/www/yii/framework/web/CController.php(308): CInlineAction->runWithParams()
#15 /var/www/yii/framework/web/filters/CFilterChain.php(133): MilitarController->runAction()
#16 /var/www/yii/framework/web/filters/CFilter.php(40): CFilterChain->run()
#17 /var/www/yii/framework/web/CController.php(1145): CAccessControlFilter->filter()
#18 /var/www/yii/framework/web/filters/CInlineFilter.php(58): MilitarController->filterAccessControl()
#19 /var/www/yii/framework/web/filters/CFilterChain.php(130): CInlineFilter->filter()
#20 /var/www/yii/framework/web/CController.php(291): CFilterChain->run()
#21 /var/www/yii/framework/web/CController.php(265): MilitarController->runActionWithFilters()
#22 /var/www/yii/framework/web/CWebApplication.php(282): MilitarController->run()
#23 /var/www/yii/framework/web/CWebApplication.php(141): CWebApplication->runController()
#24 /var/www/yii/framework/base/CApplication.php(184): CWebApplication->processRequest()
#25 /var/www/sadrh/index.php(13): CWebApplication->run()
REQUEST_URI=/sadrh/index.php/militar/update/841
in /var/www/sadrh/protected/models/Militar.php (485)
in /var/www/sadrh/protected/views/militar/_form.php (325)
in /var/www/sadrh/protected/views/militar/update.php (21)
2016/03/24 15:32:40 [error] [php] Trying to get property of non-object (/var/www/sadrh/protected/views/militar/_form.php:138)
Stack trace:
#0 /var/www/yii/framework/web/CController.php(869): MilitarController->renderFile()
#1 /var/www/sadrh/protected/views/militar/update.php(21): MilitarController->renderPartial()
#2 /var/www/yii/framework/web/CBaseController.php(126): require()
#3 /var/www/yii/framework/web/CBaseController.php(95): MilitarController->renderInternal()
#4 /var/www/yii/framework/web/CController.php(869): MilitarController->renderFile()
#5 /var/www/yii/framework/web/CController.php(782): MilitarController->renderPartial()
#6 /var/www/sadrh/protected/controllers/MilitarController.php(132): MilitarController->render()
#7 unknown(0): MilitarController->actionUpdate()
#8 /var/www/yii/framework/web/actions/CAction.php(109): ReflectionMethod->invokeArgs()
#9 /var/www/yii/framework/web/actions/CInlineAction.php(47): CInlineAction->runWithParamsInternal()
#10 /var/www/yii/framework/web/CController.php(308): CInlineAction->runWithParams()
#11 /var/www/yii/framework/web/filters/CFilterChain.php(133): MilitarController->runAction()
#12 /var/www/yii/framework/web/filters/CFilter.php(40): CFilterChain->run()
#13 /var/www/yii/framework/web/CController.php(1145): CAccessControlFilter->filter()
#14 /var/www/yii/framework/web/filters/CInlineFilter.php(58): MilitarController->filterAccessControl()
#15 /var/www/yii/framework/web/filters/CFilterChain.php(130): CInlineFilter->filter()
#16 /var/www/yii/framework/web/CController.php(291): CFilterChain->run()
#17 /var/www/yii/framework/web/CController.php(265): MilitarController->runActionWithFilters()
#18 /var/www/yii/framework/web/CWebApplication.php(282): MilitarController->run()
#19 /var/www/yii/framework/web/CWebApplication.php(141): CWebApplication->runController()
#20 /var/www/yii/framework/base/CApplication.php(184): CWebApplication->processRequest()
#21 /var/www/sadrh/index.php(13): CWebApplication->run()
REQUEST_URI=/sadrh/index.php/militar/update/841
in /var/www/sadrh/protected/views/militar/_form.php (138)
in /var/www/sadrh/protected/views/militar/update.php (21)
in /var/www/sadrh/protected/controllers/MilitarController.php (132)
2016/03/24 15:32:40 [error] [php] Trying to get property of non-object (/var/www/sadrh/protected/views/militar/_form.php:138)
Stack trace:
#0 /var/www/yii/framework/web/CController.php(869): MilitarController->renderFile()
#1 /var/www/sadrh/protected/views/militar/update.php(21): MilitarController->renderPartial()
#2 /var/www/yii/framework/web/CBaseController.php(126): require()
#3 /var/www/yii/framework/web/CBaseController.php(95): MilitarController->renderInternal()
#4 /var/www/yii/framework/web/CController.php(869): MilitarController->renderFile()
#5 /var/www/yii/framework/web/CController.php(782): MilitarController->renderPartial()
#6 /var/www/sadrh/protected/controllers/MilitarController.php(132): MilitarController->render()
#7 unknown(0): MilitarController->actionUpdate()
#8 /var/www/yii/framework/web/actions/CAction.php(109): ReflectionMethod->invokeArgs()
#9 /var/www/yii/framework/web/actions/CInlineAction.php(47): CInlineAction->runWithParamsInternal()
#10 /var/www/yii/framework/web/CController.php(308): CInlineAction->runWithParams()
#11 /var/www/yii/framework/web/filters/CFilterChain.php(133): MilitarController->runAction()
#12 /var/www/yii/framework/web/filters/CFilter.php(40): CFilterChain->run()
#13 /var/www/yii/framework/web/CController.php(1145): CAccessControlFilter->filter()
#14 /var/www/yii/framework/web/filters/CInlineFilter.php(58): MilitarController->filterAccessControl()
#15 /var/www/yii/framework/web/filters/CFilterChain.php(130): CInlineFilter->filter()
#16 /var/www/yii/framework/web/CController.php(291): CFilterChain->run()
#17 /var/www/yii/framework/web/CController.php(265): MilitarController->runActionWithFilters()
#18 /var/www/yii/framework/web/CWebApplication.php(282): MilitarController->run()
#19 /var/www/yii/framework/web/CWebApplication.php(141): CWebApplication->runController()
#20 /var/www/yii/framework/base/CApplication.php(184): CWebApplication->processRequest()
#21 /var/www/sadrh/index.php(13): CWebApplication->run()
REQUEST_URI=/sadrh/index.php/militar/update/841
in /var/www/sadrh/protected/views/militar/_form.php (138)
in /var/www/sadrh/protected/views/militar/update.php (21)
in /var/www/sadrh/protected/controllers/MilitarController.php (132)
2016/03/24 15:33:27 [error] [system.db.CDbCommand] Falha ao executar CDbCommand::fetchAll(): SQLSTATE[HY093]: Invalid parameter number: no parameters were bound. A declaração SQL executada foi: SELECT * FROM `cidade` `t` WHERE estado=?19.
in /var/www/sadrh/protected/models/Militar.php (450)
in /var/www/sadrh/protected/views/militar/_form.php (138)
in /var/www/sadrh/protected/views/militar/update.php (21)
2016/03/24 15:33:27 [error] [exception.CDbException] exception 'CDbException' with message 'CDbCommand falhou ao executar o comando SQL: SQLSTATE[HY093]: Invalid parameter number: no parameters were bound. The SQL statement executed was: SELECT * FROM `cidade` `t` WHERE estado=?19' in /var/www/yii/framework/db/CDbCommand.php:543
Stack trace:
#0 /var/www/yii/framework/db/CDbCommand.php(396): CDbCommand->queryInternal('fetchAll', Array, Array)
#1 /var/www/yii/framework/db/ar/CActiveRecord.php(1356): CDbCommand->queryAll()
#2 /var/www/yii/framework/db/ar/CActiveRecord.php(1475): CActiveRecord->query(Object(CDbCriteria), true)
#3 /var/www/sadrh/protected/models/Militar.php(450): CActiveRecord->findAll('estado=?19')
#4 /var/www/sadrh/protected/views/militar/_form.php(138): Militar->getMenuCidades('19')
#5 /var/www/yii/framework/web/CBaseController.php(126): require('/var/www/sadrh/...')
#6 /var/www/yii/framework/web/CBaseController.php(95): CBaseController->renderInternal('/var/www/sadrh/...', Array, true)
#7 /var/www/yii/framework/web/CController.php(869): CBaseController->renderFile('/var/www/sadrh/...', Array, true)
#8 /var/www/sadrh/protected/views/militar/update.php(21): CController->renderPartial('_form', Array)
#9 /var/www/yii/framework/web/CBaseController.php(126): require('/var/www/sadrh/...')
#10 /var/www/yii/framework/web/CBaseController.php(95): CBaseController->renderInternal('/var/www/sadrh/...', Array, true)
#11 /var/www/yii/framework/web/CController.php(869): CBaseController->renderFile('/var/www/sadrh/...', Array, true)
#12 /var/www/yii/framework/web/CController.php(782): CController->renderPartial('update', Array, true)
#13 /var/www/sadrh/protected/controllers/MilitarController.php(132): CController->render('update', Array)
#14 [internal function]: MilitarController->actionUpdate('841')
#15 /var/www/yii/framework/web/actions/CAction.php(109): ReflectionMethod->invokeArgs(Object(MilitarController), Array)
#16 /var/www/yii/framework/web/actions/CInlineAction.php(47): CAction->runWithParamsInternal(Object(MilitarController), Object(ReflectionMethod), Array)
#17 /var/www/yii/framework/web/CController.php(308): CInlineAction->runWithParams(Array)
#18 /var/www/yii/framework/web/filters/CFilterChain.php(133): CController->runAction(Object(CInlineAction))
#19 /var/www/yii/framework/web/filters/CFilter.php(40): CFilterChain->run()
#20 /var/www/yii/framework/web/CController.php(1145): CFilter->filter(Object(CFilterChain))
#21 /var/www/yii/framework/web/filters/CInlineFilter.php(58): CController->filterAccessControl(Object(CFilterChain))
#22 /var/www/yii/framework/web/filters/CFilterChain.php(130): CInlineFilter->filter(Object(CFilterChain))
#23 /var/www/yii/framework/web/CController.php(291): CFilterChain->run()
#24 /var/www/yii/framework/web/CController.php(265): CController->runActionWithFilters(Object(CInlineAction), Array)
#25 /var/www/yii/framework/web/CWebApplication.php(282): CController->run('update')
#26 /var/www/yii/framework/web/CWebApplication.php(141): CWebApplication->runController('militar/update')
#27 /var/www/yii/framework/base/CApplication.php(184): CWebApplication->processRequest()
#28 /var/www/sadrh/index.php(13): CApplication->run()
#29 {main}
REQUEST_URI=/sadrh/index.php/militar/update/841
HTTP_REFERER=http://10.56.83.67/sadrh/index.php/militar/index
---
2016/03/24 15:42:30 [error] [php] Creating default object from empty value (/var/www/sadrh/protected/models/Militar.php:519)
Stack trace:
#0 /var/www/sadrh/protected/controllers/MilitarController.php(126): Militar->save()
#1 unknown(0): MilitarController->actionUpdate()
#2 /var/www/yii/framework/web/actions/CAction.php(109): ReflectionMethod->invokeArgs()
#3 /var/www/yii/framework/web/actions/CInlineAction.php(47): CInlineAction->runWithParamsInternal()
#4 /var/www/yii/framework/web/CController.php(308): CInlineAction->runWithParams()
#5 /var/www/yii/framework/web/filters/CFilterChain.php(133): MilitarController->runAction()
#6 /var/www/yii/framework/web/filters/CFilter.php(40): CFilterChain->run()
#7 /var/www/yii/framework/web/CController.php(1145): CAccessControlFilter->filter()
#8 /var/www/yii/framework/web/filters/CInlineFilter.php(58): MilitarController->filterAccessControl()
#9 /var/www/yii/framework/web/filters/CFilterChain.php(130): CInlineFilter->filter()
#10 /var/www/yii/framework/web/CController.php(291): CFilterChain->run()
#11 /var/www/yii/framework/web/CController.php(265): MilitarController->runActionWithFilters()
#12 /var/www/yii/framework/web/CWebApplication.php(282): MilitarController->run()
#13 /var/www/yii/framework/web/CWebApplication.php(141): CWebApplication->runController()
#14 /var/www/yii/framework/base/CApplication.php(184): CWebApplication->processRequest()
#15 /var/www/sadrh/index.php(13): CWebApplication->run()
REQUEST_URI=/sadrh/index.php/militar/update/841
in /var/www/sadrh/protected/models/Militar.php (519)
in /var/www/sadrh/protected/controllers/MilitarController.php (126)
in /var/www/sadrh/index.php (13)
2016/03/24 15:43:48 [error] [php] Creating default object from empty value (/var/www/sadrh/protected/models/Militar.php:519)
Stack trace:
#0 /var/www/sadrh/protected/controllers/MilitarController.php(126): Militar->save()
#1 unknown(0): MilitarController->actionUpdate()
#2 /var/www/yii/framework/web/actions/CAction.php(109): ReflectionMethod->invokeArgs()
#3 /var/www/yii/framework/web/actions/CInlineAction.php(47): CInlineAction->runWithParamsInternal()
#4 /var/www/yii/framework/web/CController.php(308): CInlineAction->runWithParams()
#5 /var/www/yii/framework/web/filters/CFilterChain.php(133): MilitarController->runAction()
#6 /var/www/yii/framework/web/filters/CFilter.php(40): CFilterChain->run()
#7 /var/www/yii/framework/web/CController.php(1145): CAccessControlFilter->filter()
#8 /var/www/yii/framework/web/filters/CInlineFilter.php(58): MilitarController->filterAccessControl()
#9 /var/www/yii/framework/web/filters/CFilterChain.php(130): CInlineFilter->filter()
#10 /var/www/yii/framework/web/CController.php(291): CFilterChain->run()
#11 /var/www/yii/framework/web/CController.php(265): MilitarController->runActionWithFilters()
#12 /var/www/yii/framework/web/CWebApplication.php(282): MilitarController->run()
#13 /var/www/yii/framework/web/CWebApplication.php(141): CWebApplication->runController()
#14 /var/www/yii/framework/base/CApplication.php(184): CWebApplication->processRequest()
#15 /var/www/sadrh/index.php(13): CWebApplication->run()
REQUEST_URI=/sadrh/index.php/militar/update/841
in /var/www/sadrh/protected/models/Militar.php (519)
in /var/www/sadrh/protected/controllers/MilitarController.php (126)
in /var/www/sadrh/index.php (13)
2016/03/24 15:46:26 [error] [php] Creating default object from empty value (/var/www/sadrh/protected/models/Militar.php:519)
Stack trace:
#0 /var/www/sadrh/protected/controllers/MilitarController.php(126): Militar->save()
#1 unknown(0): MilitarController->actionUpdate()
#2 /var/www/yii/framework/web/actions/CAction.php(109): ReflectionMethod->invokeArgs()
#3 /var/www/yii/framework/web/actions/CInlineAction.php(47): CInlineAction->runWithParamsInternal()
#4 /var/www/yii/framework/web/CController.php(308): CInlineAction->runWithParams()
#5 /var/www/yii/framework/web/filters/CFilterChain.php(133): MilitarController->runAction()
#6 /var/www/yii/framework/web/filters/CFilter.php(40): CFilterChain->run()
#7 /var/www/yii/framework/web/CController.php(1145): CAccessControlFilter->filter()
#8 /var/www/yii/framework/web/filters/CInlineFilter.php(58): MilitarController->filterAccessControl()
#9 /var/www/yii/framework/web/filters/CFilterChain.php(130): CInlineFilter->filter()
#10 /var/www/yii/framework/web/CController.php(291): CFilterChain->run()
#11 /var/www/yii/framework/web/CController.php(265): MilitarController->runActionWithFilters()
#12 /var/www/yii/framework/web/CWebApplication.php(282): MilitarController->run()
#13 /var/www/yii/framework/web/CWebApplication.php(141): CWebApplication->runController()
#14 /var/www/yii/framework/base/CApplication.php(184): CWebApplication->processRequest()
#15 /var/www/sadrh/index.php(13): CWebApplication->run()
REQUEST_URI=/sadrh/index.php/militar/update/841
in /var/www/sadrh/protected/models/Militar.php (519)
in /var/www/sadrh/protected/controllers/MilitarController.php (126)
in /var/www/sadrh/index.php (13)
2016/03/24 15:46:55 [error] [php] Creating default object from empty value (/var/www/sadrh/protected/models/Militar.php:519)
Stack trace:
#0 /var/www/sadrh/protected/controllers/MilitarController.php(126): Militar->save()
#1 unknown(0): MilitarController->actionUpdate()
#2 /var/www/yii/framework/web/actions/CAction.php(109): ReflectionMethod->invokeArgs()
#3 /var/www/yii/framework/web/actions/CInlineAction.php(47): CInlineAction->runWithParamsInternal()
#4 /var/www/yii/framework/web/CController.php(308): CInlineAction->runWithParams()
#5 /var/www/yii/framework/web/filters/CFilterChain.php(133): MilitarController->runAction()
#6 /var/www/yii/framework/web/filters/CFilter.php(40): CFilterChain->run()
#7 /var/www/yii/framework/web/CController.php(1145): CAccessControlFilter->filter()
#8 /var/www/yii/framework/web/filters/CInlineFilter.php(58): MilitarController->filterAccessControl()
#9 /var/www/yii/framework/web/filters/CFilterChain.php(130): CInlineFilter->filter()
#10 /var/www/yii/framework/web/CController.php(291): CFilterChain->run()
#11 /var/www/yii/framework/web/CController.php(265): MilitarController->runActionWithFilters()
#12 /var/www/yii/framework/web/CWebApplication.php(282): MilitarController->run()
#13 /var/www/yii/framework/web/CWebApplication.php(141): CWebApplication->runController()
#14 /var/www/yii/framework/base/CApplication.php(184): CWebApplication->processRequest()
#15 /var/www/sadrh/index.php(13): CWebApplication->run()
REQUEST_URI=/sadrh/index.php/militar/update/841
in /var/www/sadrh/protected/models/Militar.php (519)
in /var/www/sadrh/protected/controllers/MilitarController.php (126)
in /var/www/sadrh/index.php (13)
